-------------------------------------------------------------------------------
Test set: edu.indiana.se2.Wellness.Tracker.controller.MentalWellbeingControllerTest
-------------------------------------------------------------------------------
Tests run: 2, Failures: 2, Errors: 0, Skipped: 0, Time elapsed: 7.644 s <<< FAILURE! -- in edu.indiana.se2.Wellness.Tracker.controller.MentalWellbeingControllerTest
edu.indiana.se2.Wellness.Tracker.controller.MentalWellbeingControllerTest.testLogEntry -- Time elapsed: 0.730 s <<< FAILURE!
java.lang.AssertionError: Status expected:<201> but was:<401>
	at org.springframework.test.util.AssertionErrors.fail(AssertionErrors.java:61)
	at org.springframework.test.util.AssertionErrors.assertEquals(AssertionErrors.java:128)
	at org.springframework.test.web.servlet.result.StatusResultMatchers.lambda$matcher$9(StatusResultMatchers.java:640)
	at org.springframework.test.web.servlet.MockMvc$1.andExpect(MockMvc.java:214)
	at edu.indiana.se2.Wellness.Tracker.controller.MentalWellbeingControllerTest.testLogEntry(MentalWellbeingControllerTest.java:33)
	at java.base/java.lang.reflect.Method.invoke(Method.java:568)
	at java.base/java.util.ArrayList.forEach(ArrayList.java:1511)
	at java.base/java.util.ArrayList.forEach(ArrayList.java:1511)

edu.indiana.se2.Wellness.Tracker.controller.MentalWellbeingControllerTest.testGetUserEntries -- Time elapsed: 0.013 s <<< FAILURE!
java.lang.AssertionError: Status expected:<200> but was:<401>
	at org.springframework.test.util.AssertionErrors.fail(AssertionErrors.java:61)
	at org.springframework.test.util.AssertionErrors.assertEquals(AssertionErrors.java:128)
	at org.springframework.test.web.servlet.result.StatusResultMatchers.lambda$matcher$9(StatusResultMatchers.java:640)
	at org.springframework.test.web.servlet.MockMvc$1.andExpect(MockMvc.java:214)
	at edu.indiana.se2.Wellness.Tracker.controller.MentalWellbeingControllerTest.testGetUserEntries(MentalWellbeingControllerTest.java:42)
	at java.base/java.lang.reflect.Method.invoke(Method.java:568)
	at java.base/java.util.ArrayList.forEach(ArrayList.java:1511)
	at java.base/java.util.ArrayList.forEach(ArrayList.java:1511)

