<?xml version="1.0" encoding="UTF-8"?>
<testsuite xmlns:xsi="http://www.w3.org/2001/XMLSchema-instance" xsi:noNamespaceSchemaLocation="https://maven.apache.org/surefire/maven-surefire-plugin/xsd/surefire-test-report.xsd" version="3.0.2" name="edu.indiana.se2.Wellness.Tracker.controller.MentalWellbeingControllerTest" time="2.23" tests="2" errors="0" skipped="0" failures="0">
  <properties>
[...]
</properties>
  <testcase name="testLogEntry" classname="edu.indiana.se2.Wellness.Tracker.controller.MentalWellbeingControllerTest" time="0.437">
    <system-out><![CDATA[13:20:05.185 [main] INFO org.springframework.test.context.support.AnnotationConfigContextLoaderUtils -- Could not detect default configuration classes for test class [edu.indiana.se2.Wellness.Tracker.controller.MentalWellbeingControllerTest]: MentalWellbeingControllerTest does not declare any static, non-private, non-final, nested classes annotated with @Configuration.
13:20:05.250 [main] INFO org.springframework.boot.test.context.SpringBootTestContextBootstrapper -- Found @SpringBootConfiguration edu.indiana.se2.Wellness.Tracker.WellnessTrackerApplication for test class edu.indiana.se2.Wellness.Tracker.controller.MentalWellbeingControllerTest

  .   ____          _            __ _ _
 /\\ / ___'_ __ _ _(_)_ __  __ _ \ \ \ \
( ( )\___ | '_ | '_| | '_ \/ _` | \ \ \ \
 \\/  ___)| |_)| | | | | || (_| |  ) ) ) )
  '  |____| .__|_| |_|_| |_\__, | / / / /
 =========|_|==============|___/=/_/_/_/

 :: Spring Boot ::                (v3.4.3)

2025-03-03T13:20:05.468-05:00  INFO 21577 --- [           main] .i.s.W.T.c.MentalWellbeingControllerTest : Starting MentalWellbeingControllerTest using Java 23.0.2 with PID 21577 (started by aidenballou in /Users/aidenballou/Desktop/SE2/wellness-tracking-backend)
2025-03-03T13:20:05.468-05:00  INFO 21577 --- [           main] .i.s.W.T.c.MentalWellbeingControllerTest : No active profile set, falling back to 1 default profile: "default"
2025-03-03T13:20:05.821-05:00  INFO 21577 --- [           main] .s.d.r.c.RepositoryConfigurationDelegate : Bootstrapping Spring Data JPA repositories in DEFAULT mode.
2025-03-03T13:20:05.847-05:00  INFO 21577 --- [           main] .s.d.r.c.RepositoryConfigurationDelegate : Finished Spring Data repository scanning in 22 ms. Found 3 JPA repository interfaces.
2025-03-03T13:20:06.008-05:00  INFO 21577 --- [           main] o.hibernate.jpa.internal.util.LogHelper  : HHH000204: Processing PersistenceUnitInfo [name: default]
2025-03-03T13:20:06.030-05:00  INFO 21577 --- [           main] org.hibernate.Version                    : HHH000412: Hibernate ORM core version 6.6.8.Final
2025-03-03T13:20:06.043-05:00  INFO 21577 --- [           main] o.h.c.internal.RegionFactoryInitiator    : HHH000026: Second-level cache disabled
2025-03-03T13:20:06.153-05:00  INFO 21577 --- [           main] o.s.o.j.p.SpringPersistenceUnitInfo      : No LoadTimeWeaver setup: ignoring JPA class transformer
2025-03-03T13:20:06.164-05:00  INFO 21577 --- [           main] com.zaxxer.hikari.HikariDataSource       : HikariPool-1 - Starting...
2025-03-03T13:20:06.228-05:00  INFO 21577 --- [           main] com.zaxxer.hikari.pool.HikariPool        : HikariPool-1 - Added connection conn0: url=jdbc:h2:mem:testdb user=SA
2025-03-03T13:20:06.229-05:00  INFO 21577 --- [           main] com.zaxxer.hikari.HikariDataSource       : HikariPool-1 - Start completed.
2025-03-03T13:20:06.237-05:00  WARN 21577 --- [           main] org.hibernate.dialect.Dialect            : HHH000511: The 2.1.210 version for [org.hibernate.dialect.H2Dialect] is no longer supported, hence certain features may not work properly. The minimum supported version is 2.1.214. Check the community dialects project for available legacy versions.
2025-03-03T13:20:06.240-05:00  WARN 21577 --- [           main] org.hibernate.orm.deprecation            : HHH90000025: H2Dialect does not need to be specified explicitly using 'hibernate.dialect' (remove the property setting and it will be selected by default)
2025-03-03T13:20:06.248-05:00  INFO 21577 --- [           main] org.hibernate.orm.connections.pooling    : HHH10001005: Database info:
	Database JDBC URL [Connecting through datasource 'HikariDataSource (HikariPool-1)']
	Database driver: undefined/unknown
	Database version: 2.1.210
	Autocommit mode: undefined/unknown
	Isolation level: undefined/unknown
	Minimum pool size: undefined/unknown
	Maximum pool size: undefined/unknown
2025-03-03T13:20:06.536-05:00  INFO 21577 --- [           main] o.h.e.t.j.p.i.JtaPlatformInitiator       : HHH000489: No JTA platform available (set 'hibernate.transaction.jta.platform' to enable JTA platform integration)
Hibernate: drop table if exists activity cascade 
Hibernate: drop table if exists meal_entry cascade 
Hibernate: drop table if exists mental_wellbeing_entry cascade 
Hibernate: create table activity (calories_burned integer not null, distance float(53) not null, steps integer not null, date timestamp(6), id bigint generated by default as identity, primary key (id))
Hibernate: create table meal_entry (calories float(53), date date, id bigint generated by default as identity, user_id bigint, description varchar(1000), meal_type varchar(255), primary key (id))
Hibernate: create table mental_wellbeing_entry (date date, mood_rating integer not null, id bigint generated by default as identity, user_id bigint, notes varchar(1000), primary key (id))
2025-03-03T13:20:06.548-05:00  INFO 21577 --- [           main] j.LocalContainerEntityManagerFactoryBean : Initialized JPA EntityManagerFactory for persistence unit 'default'
2025-03-03T13:20:06.724-05:00  WARN 21577 --- [           main] JpaBaseConfiguration$JpaWebConfiguration : spring.jpa.open-in-view is enabled by default. Therefore, database queries may be performed during view rendering. Explicitly configure spring.jpa.open-in-view to disable this warning
2025-03-03T13:20:06.846-05:00  INFO 21577 --- [           main] o.s.b.t.m.w.SpringBootMockServletContext : Initializing Spring TestDispatcherServlet ''
2025-03-03T13:20:06.846-05:00  INFO 21577 --- [           main] o.s.t.web.servlet.TestDispatcherServlet  : Initializing Servlet ''
2025-03-03T13:20:06.847-05:00  INFO 21577 --- [           main] o.s.t.web.servlet.TestDispatcherServlet  : Completed initialization in 1 ms
2025-03-03T13:20:06.858-05:00  INFO 21577 --- [           main] .i.s.W.T.c.MentalWellbeingControllerTest : Started MentalWellbeingControllerTest in 1.547 seconds (process running for 2.081)
Hibernate: select mwe1_0.id,mwe1_0.date,mwe1_0.mood_rating,mwe1_0.notes,mwe1_0.user_id from mental_wellbeing_entry mwe1_0 where mwe1_0.user_id=? and mwe1_0.date=?
Hibernate: insert into mental_wellbeing_entry (date,mood_rating,notes,user_id,id) values (?,?,?,?,default)
]]></system-out>
    <system-err><![CDATA[Mockito is currently self-attaching to enable the inline-mock-maker. This will no longer work in future releases of the JDK. Please add Mockito as an agent to your build what is described in Mockito's documentation: https://javadoc.io/doc/org.mockito/mockito-core/latest/org/mockito/Mockito.html#0.3
WARNING: A Java agent has been loaded dynamically (/Users/aidenballou/.m2/repository/net/bytebuddy/byte-buddy-agent/1.15.11/byte-buddy-agent-1.15.11.jar)
WARNING: If a serviceability tool is in use, please run with -XX:+EnableDynamicAgentLoading to hide this warning
WARNING: If a serviceability tool is not in use, please run with -Djdk.instrument.traceUsage for more information
WARNING: Dynamic loading of agents will be disallowed by default in a future release
]]></system-err>
  </testcase>
  <testcase name="testGetUserEntries" classname="edu.indiana.se2.Wellness.Tracker.controller.MentalWellbeingControllerTest" time="0.008">
    <system-out><![CDATA[Hibernate: select mwe1_0.id,mwe1_0.date,mwe1_0.mood_rating,mwe1_0.notes,mwe1_0.user_id from mental_wellbeing_entry mwe1_0 where mwe1_0.user_id=?
]]></system-out>
  </testcase>
</testsuite>